<?xml version="1.0" encoding="UTF-8"?>
<testng-results skipped="0" failed="0" total="0" passed="0">
  <reporter-output>
  </reporter-output>
  <suite name="Surefire suite" duration-ms="289194" started-at="2017-05-22T01:27:12Z" finished-at="2017-05-22T01:32:01Z">
    <groups>
    </groups>
    <test name="Surefire test" duration-ms="289194" started-at="2017-05-22T01:27:12Z" finished-at="2017-05-22T01:32:01Z">
    </test> <!-- Surefire test -->
  </suite> <!-- Surefire suite -->
</testng-results>
